<?xml version="1.0" encoding="UTF-8"?>
<!-- Generated by org.testng.reporters.JUnitXMLReporter -->
<testsuite ignored="1" hostname="Gagans-MacBook-Air.local" failures="0" tests="2" name="OrangeHRMTest" time="85.529" errors="0" timestamp="2026-03-20T11:28:09 IST">
  <testcase classname="tests.DummyTest" name="dummy" time="0.013"/>
  <testcase classname="tests.DummyTest2" name="dummy" time="0.009"/>
  <testcase classname="base.BaseClass" name="@BeforeSuite loadConfig" time="0.0">
    <ignored/>
  </testcase> <!-- @BeforeSuite loadConfig -->
</testsuite> <!-- OrangeHRMTest -->
