<?xml version="1.0" encoding="UTF-8"?>
<testng-results ignored="0" total="1" passed="1" failed="0" skipped="0">
  <reporter-output>
  </reporter-output>
  <suite started-at="2026-03-21T21:23:32 IST" name="Default suite" finished-at="2026-03-21T21:23:56 IST" duration-ms="24056">
    <groups>
    </groups>
    <test started-at="2026-03-21T21:23:32 IST" name="Default test" finished-at="2026-03-21T21:23:56 IST" duration-ms="24056">
      <class name="tests.DummyTest">
        <test-method is-config="true" signature="loadConfig()[pri:0, instance:tests.DummyTest@6c80d78a]" started-at="2026-03-21T21:23:32 IST" name="loadConfig" finished-at="2026-03-21T21:23:32 IST" duration-ms="2" status="PASS">
          <reporter-output>
          </reporter-output>
        </test-method> <!-- loadConfig -->
        <test-method is-config="true" signature="setup()[pri:0, instance:tests.DummyTest@6c80d78a]" started-at="2026-03-21T21:23:32 IST" name="setup" finished-at="2026-03-21T21:23:49 IST" duration-ms="17632" status="PASS">
          <reporter-output>
          </reporter-output>
        </test-method> <!-- setup -->
        <test-method signature="dummy()[pri:0, instance:tests.DummyTest@6c80d78a]" started-at="2026-03-21T21:23:49 IST" name="dummy" finished-at="2026-03-21T21:23:55 IST" duration-ms="6312" status="PASS">
          <reporter-output>
          </reporter-output>
        </test-method> <!-- dummy -->
        <test-method is-config="true" signature="tearDown()[pri:0, instance:tests.DummyTest@6c80d78a]" started-at="2026-03-21T21:23:55 IST" name="tearDown" finished-at="2026-03-21T21:23:56 IST" duration-ms="98" status="PASS">
          <reporter-output>
          </reporter-output>
        </test-method> <!-- tearDown -->
      </class> <!-- tests.DummyTest -->
    </test> <!-- Default test -->
  </suite> <!-- Default suite -->
</testng-results>
